{"C:\\Users\\Collin Schreur\\Desktop\\Repos\\biztime\\app.js": {"path":"C:\\Users\\Collin Schreur\\Desktop\\Repos\\biztime\\app.js","statementMap":{"0":{"start":{"line":3,"column":16},"end":{"line":3,"column":34}},"1":{"start":{"line":5,"column":21},"end":{"line":5,"column":46}},"2":{"start":{"line":6,"column":18},"end":{"line":6,"column":47}},"3":{"start":{"line":7,"column":17},"end":{"line":7,"column":45}},"4":{"start":{"line":8,"column":12},"end":{"line":8,"column":21}},"5":{"start":{"line":9,"column":0},"end":{"line":9,"column":24}},"6":{"start":{"line":13,"column":0},"end":{"line":13,"column":33}},"7":{"start":{"line":15,"column":0},"end":{"line":15,"column":31}},"8":{"start":{"line":19,"column":0},"end":{"line":22,"column":3}},"9":{"start":{"line":20,"column":13},"end":{"line":20,"column":50}},"10":{"start":{"line":21,"column":1},"end":{"line":21,"column":18}},"11":{"start":{"line":26,"column":0},"end":{"line":33,"column":3}},"12":{"start":{"line":27,"column":1},"end":{"line":27,"column":31}},"13":{"start":{"line":29,"column":1},"end":{"line":32,"column":4}},"14":{"start":{"line":35,"column":0},"end":{"line":35,"column":21}}},"fnMap":{"0":{"name":"(anonymous_0)","decl":{"start":{"line":19,"column":8},"end":{"line":19,"column":9}},"loc":{"start":{"line":19,"column":33},"end":{"line":22,"column":1}},"line":19},"1":{"name":"(anonymous_1)","decl":{"start":{"line":26,"column":8},"end":{"line":26,"column":9}},"loc":{"start":{"line":26,"column":33},"end":{"line":33,"column":1}},"line":26}},"branchMap":{"0":{"loc":{"start":{"line":27,"column":12},"end":{"line":27,"column":29}},"type":"binary-expr","locations":[{"start":{"line":27,"column":12},"end":{"line":27,"column":22}},{"start":{"line":27,"column":26},"end":{"line":27,"column":29}}],"line":27}},"s":{"0":2,"1":2,"2":2,"3":2,"4":2,"5":2,"6":2,"7":2,"8":2,"9":0,"10":0,"11":2,"12":1,"13":1,"14":2},"f":{"0":0,"1":1},"b":{"0":[1,0]},"_coverageSchema":"1a1c01bbd47fc00a2c39e90264f33305004495a9","hash":"b0bb552f3732ca509080490b39624d67c1484444"}
,"C:\\Users\\Collin Schreur\\Desktop\\Repos\\biztime\\db.js": {"path":"C:\\Users\\Collin Schreur\\Desktop\\Repos\\biztime\\db.js","statementMap":{"0":{"start":{"line":3,"column":19},"end":{"line":3,"column":32}},"1":{"start":{"line":5,"column":15},"end":{"line":5,"column":103}},"2":{"start":{"line":7,"column":9},"end":{"line":7,"column":49}},"3":{"start":{"line":8,"column":0},"end":{"line":8,"column":13}},"4":{"start":{"line":10,"column":0},"end":{"line":10,"column":20}}},"fnMap":{},"branchMap":{"0":{"loc":{"start":{"line":5,"column":15},"end":{"line":5,"column":103}},"type":"cond-expr","locations":[{"start":{"line":5,"column":49},"end":{"line":5,"column":77}},{"start":{"line":5,"column":80},"end":{"line":5,"column":103}}],"line":5}},"s":{"0":2,"1":2,"2":2,"3":2,"4":2},"f":{},"b":{"0":[2,0]},"_coverageSchema":"1a1c01bbd47fc00a2c39e90264f33305004495a9","hash":"22f0d1e5a65fd2d20873adde3e0c6bfd9f1320c8"}
,"C:\\Users\\Collin Schreur\\Desktop\\Repos\\biztime\\expressError.js": {"path":"C:\\Users\\Collin Schreur\\Desktop\\Repos\\biztime\\expressError.js","statementMap":{"0":{"start":{"line":9,"column":4},"end":{"line":9,"column":12}},"1":{"start":{"line":10,"column":4},"end":{"line":10,"column":27}},"2":{"start":{"line":11,"column":4},"end":{"line":11,"column":25}},"3":{"start":{"line":12,"column":4},"end":{"line":12,"column":30}},"4":{"start":{"line":17,"column":0},"end":{"line":17,"column":30}}},"fnMap":{"0":{"name":"(anonymous_0)","decl":{"start":{"line":8,"column":2},"end":{"line":8,"column":3}},"loc":{"start":{"line":8,"column":31},"end":{"line":13,"column":3}},"line":8}},"branchMap":{},"s":{"0":1,"1":1,"2":1,"3":1,"4":2},"f":{"0":1},"b":{},"_coverageSchema":"1a1c01bbd47fc00a2c39e90264f33305004495a9","hash":"d03dae0d84a0004a42e5746d3432a49f983c5e87"}
,"C:\\Users\\Collin Schreur\\Desktop\\Repos\\biztime\\routes\\companies.js": {"path":"C:\\Users\\Collin Schreur\\Desktop\\Repos\\biztime\\routes\\companies.js","statementMap":{"0":{"start":{"line":1,"column":16},"end":{"line":1,"column":34}},"1":{"start":{"line":2,"column":11},"end":{"line":2,"column":27}},"2":{"start":{"line":3,"column":21},"end":{"line":3,"column":47}},"3":{"start":{"line":4,"column":16},"end":{"line":4,"column":34}},"4":{"start":{"line":6,"column":15},"end":{"line":6,"column":35}},"5":{"start":{"line":9,"column":0},"end":{"line":16,"column":3}},"6":{"start":{"line":10,"column":1},"end":{"line":15,"column":2}},"7":{"start":{"line":11,"column":17},"end":{"line":11,"column":67}},"8":{"start":{"line":12,"column":2},"end":{"line":12,"column":58}},"9":{"start":{"line":14,"column":2},"end":{"line":14,"column":70}},"10":{"start":{"line":18,"column":0},"end":{"line":48,"column":3}},"11":{"start":{"line":19,"column":1},"end":{"line":47,"column":2}},"12":{"start":{"line":20,"column":17},"end":{"line":27,"column":3}},"13":{"start":{"line":28,"column":2},"end":{"line":30,"column":3}},"14":{"start":{"line":29,"column":3},"end":{"line":29,"column":59}},"15":{"start":{"line":31,"column":19},"end":{"line":31,"column":101}},"16":{"start":{"line":32,"column":14},"end":{"line":32,"column":28}},"17":{"start":{"line":33,"column":2},"end":{"line":33,"column":34}},"18":{"start":{"line":34,"column":2},"end":{"line":34,"column":16}},"19":{"start":{"line":35,"column":19},"end":{"line":35,"column":21}},"20":{"start":{"line":36,"column":2},"end":{"line":39,"column":3}},"21":{"start":{"line":37,"column":3},"end":{"line":37,"column":27}},"22":{"start":{"line":38,"column":3},"end":{"line":38,"column":77}},"23":{"start":{"line":40,"column":2},"end":{"line":40,"column":26}},"24":{"start":{"line":41,"column":2},"end":{"line":41,"column":33}},"25":{"start":{"line":42,"column":2},"end":{"line":42,"column":27}},"26":{"start":{"line":43,"column":2},"end":{"line":43,"column":22}},"27":{"start":{"line":44,"column":2},"end":{"line":44,"column":48}},"28":{"start":{"line":46,"column":2},"end":{"line":46,"column":40}},"29":{"start":{"line":50,"column":0},"end":{"line":64,"column":3}},"30":{"start":{"line":51,"column":1},"end":{"line":63,"column":2}},"31":{"start":{"line":52,"column":32},"end":{"line":52,"column":40}},"32":{"start":{"line":53,"column":15},"end":{"line":53,"column":74}},"33":{"start":{"line":54,"column":15},"end":{"line":54,"column":42}},"34":{"start":{"line":55,"column":2},"end":{"line":59,"column":5}},"35":{"start":{"line":60,"column":2},"end":{"line":60,"column":49}},"36":{"start":{"line":62,"column":2},"end":{"line":62,"column":65}},"37":{"start":{"line":66,"column":0},"end":{"line":76,"column":3}},"38":{"start":{"line":67,"column":1},"end":{"line":75,"column":2}},"39":{"start":{"line":68,"column":32},"end":{"line":68,"column":40}},"40":{"start":{"line":69,"column":15},"end":{"line":69,"column":30}},"41":{"start":{"line":70,"column":15},"end":{"line":70,"column":36}},"42":{"start":{"line":71,"column":2},"end":{"line":71,"column":114}},"43":{"start":{"line":72,"column":2},"end":{"line":72,"column":49}},"44":{"start":{"line":74,"column":2},"end":{"line":74,"column":65}},"45":{"start":{"line":78,"column":0},"end":{"line":86,"column":3}},"46":{"start":{"line":79,"column":1},"end":{"line":85,"column":2}},"47":{"start":{"line":80,"column":15},"end":{"line":80,"column":30}},"48":{"start":{"line":81,"column":2},"end":{"line":81,"column":68}},"49":{"start":{"line":82,"column":2},"end":{"line":82,"column":53}},"50":{"start":{"line":84,"column":2},"end":{"line":84,"column":69}},"51":{"start":{"line":88,"column":0},"end":{"line":88,"column":24}}},"fnMap":{"0":{"name":"(anonymous_0)","decl":{"start":{"line":9,"column":16},"end":{"line":9,"column":17}},"loc":{"start":{"line":9,"column":42},"end":{"line":16,"column":1}},"line":9},"1":{"name":"(anonymous_1)","decl":{"start":{"line":18,"column":21},"end":{"line":18,"column":22}},"loc":{"start":{"line":18,"column":47},"end":{"line":48,"column":1}},"line":18},"2":{"name":"(anonymous_2)","decl":{"start":{"line":50,"column":17},"end":{"line":50,"column":18}},"loc":{"start":{"line":50,"column":43},"end":{"line":64,"column":1}},"line":50},"3":{"name":"(anonymous_3)","decl":{"start":{"line":66,"column":21},"end":{"line":66,"column":22}},"loc":{"start":{"line":66,"column":47},"end":{"line":76,"column":1}},"line":66},"4":{"name":"(anonymous_4)","decl":{"start":{"line":78,"column":24},"end":{"line":78,"column":25}},"loc":{"start":{"line":78,"column":50},"end":{"line":86,"column":1}},"line":78}},"branchMap":{"0":{"loc":{"start":{"line":28,"column":2},"end":{"line":30,"column":3}},"type":"if","locations":[{"start":{"line":28,"column":2},"end":{"line":30,"column":3}},{"start":{"line":28,"column":2},"end":{"line":30,"column":3}}],"line":28}},"s":{"0":2,"1":2,"2":2,"3":2,"4":2,"5":2,"6":1,"7":1,"8":1,"9":0,"10":2,"11":1,"12":1,"13":0,"14":0,"15":0,"16":0,"17":0,"18":0,"19":0,"20":0,"21":0,"22":0,"23":0,"24":0,"25":0,"26":0,"27":0,"28":1,"29":2,"30":1,"31":1,"32":1,"33":1,"34":1,"35":1,"36":0,"37":2,"38":1,"39":1,"40":1,"41":1,"42":1,"43":1,"44":0,"45":2,"46":1,"47":1,"48":1,"49":1,"50":0,"51":2},"f":{"0":1,"1":1,"2":1,"3":1,"4":1},"b":{"0":[0,0]},"_coverageSchema":"1a1c01bbd47fc00a2c39e90264f33305004495a9","hash":"e615e754cecf8fb44e6a21c2d25bd0a7dcc662af"}
,"C:\\Users\\Collin Schreur\\Desktop\\Repos\\biztime\\routes\\invoices.js": {"path":"C:\\Users\\Collin Schreur\\Desktop\\Repos\\biztime\\routes\\invoices.js","statementMap":{"0":{"start":{"line":1,"column":16},"end":{"line":1,"column":34}},"1":{"start":{"line":2,"column":11},"end":{"line":2,"column":27}},"2":{"start":{"line":3,"column":21},"end":{"line":3,"column":47}},"3":{"start":{"line":4,"column":17},"end":{"line":4,"column":41}},"4":{"start":{"line":6,"column":15},"end":{"line":6,"column":35}},"5":{"start":{"line":9,"column":0},"end":{"line":16,"column":3}},"6":{"start":{"line":10,"column":1},"end":{"line":15,"column":2}},"7":{"start":{"line":11,"column":17},"end":{"line":11,"column":69}},"8":{"start":{"line":12,"column":2},"end":{"line":12,"column":57}},"9":{"start":{"line":14,"column":2},"end":{"line":14,"column":69}},"10":{"start":{"line":18,"column":0},"end":{"line":32,"column":3}},"11":{"start":{"line":19,"column":1},"end":{"line":31,"column":2}},"12":{"start":{"line":20,"column":17},"end":{"line":20,"column":90}},"13":{"start":{"line":21,"column":19},"end":{"line":21,"column":33}},"14":{"start":{"line":22,"column":23},"end":{"line":24,"column":4}},"15":{"start":{"line":25,"column":38},"end":{"line":25,"column":58}},"16":{"start":{"line":26,"column":2},"end":{"line":26,"column":52}},"17":{"start":{"line":27,"column":2},"end":{"line":27,"column":28}},"18":{"start":{"line":28,"column":2},"end":{"line":28,"column":53}},"19":{"start":{"line":30,"column":2},"end":{"line":30,"column":64}},"20":{"start":{"line":34,"column":0},"end":{"line":45,"column":3}},"21":{"start":{"line":35,"column":1},"end":{"line":44,"column":2}},"22":{"start":{"line":36,"column":29},"end":{"line":36,"column":37}},"23":{"start":{"line":37,"column":17},"end":{"line":40,"column":3}},"24":{"start":{"line":41,"column":2},"end":{"line":41,"column":59}},"25":{"start":{"line":43,"column":2},"end":{"line":43,"column":68}},"26":{"start":{"line":47,"column":0},"end":{"line":60,"column":3}},"27":{"start":{"line":48,"column":1},"end":{"line":59,"column":2}},"28":{"start":{"line":49,"column":24},"end":{"line":49,"column":32}},"29":{"start":{"line":50,"column":20},"end":{"line":50,"column":65}},"30":{"start":{"line":51,"column":13},"end":{"line":51,"column":26}},"31":{"start":{"line":52,"column":17},"end":{"line":55,"column":3}},"32":{"start":{"line":56,"column":2},"end":{"line":56,"column":59}},"33":{"start":{"line":58,"column":2},"end":{"line":58,"column":40}},"34":{"start":{"line":62,"column":0},"end":{"line":70,"column":3}},"35":{"start":{"line":63,"column":1},"end":{"line":69,"column":2}},"36":{"start":{"line":64,"column":13},"end":{"line":64,"column":26}},"37":{"start":{"line":65,"column":2},"end":{"line":65,"column":63}},"38":{"start":{"line":66,"column":2},"end":{"line":66,"column":53}},"39":{"start":{"line":68,"column":2},"end":{"line":68,"column":69}},"40":{"start":{"line":72,"column":0},"end":{"line":72,"column":24}}},"fnMap":{"0":{"name":"(anonymous_0)","decl":{"start":{"line":9,"column":16},"end":{"line":9,"column":17}},"loc":{"start":{"line":9,"column":42},"end":{"line":16,"column":1}},"line":9},"1":{"name":"(anonymous_1)","decl":{"start":{"line":18,"column":19},"end":{"line":18,"column":20}},"loc":{"start":{"line":18,"column":45},"end":{"line":32,"column":1}},"line":18},"2":{"name":"(anonymous_2)","decl":{"start":{"line":34,"column":17},"end":{"line":34,"column":18}},"loc":{"start":{"line":34,"column":43},"end":{"line":45,"column":1}},"line":34},"3":{"name":"(anonymous_3)","decl":{"start":{"line":47,"column":19},"end":{"line":47,"column":20}},"loc":{"start":{"line":47,"column":45},"end":{"line":60,"column":1}},"line":47},"4":{"name":"(anonymous_4)","decl":{"start":{"line":62,"column":22},"end":{"line":62,"column":23}},"loc":{"start":{"line":62,"column":48},"end":{"line":70,"column":1}},"line":62}},"branchMap":{"0":{"loc":{"start":{"line":50,"column":20},"end":{"line":50,"column":65}},"type":"cond-expr","locations":[{"start":{"line":50,"column":36},"end":{"line":50,"column":58}},{"start":{"line":50,"column":61},"end":{"line":50,"column":65}}],"line":50}},"s":{"0":2,"1":2,"2":2,"3":2,"4":2,"5":2,"6":2,"7":2,"8":2,"9":0,"10":2,"11":1,"12":1,"13":1,"14":1,"15":1,"16":1,"17":1,"18":1,"19":0,"20":2,"21":1,"22":1,"23":1,"24":1,"25":0,"26":2,"27":1,"28":1,"29":1,"30":1,"31":1,"32":1,"33":0,"34":2,"35":1,"36":1,"37":1,"38":1,"39":0,"40":2},"f":{"0":2,"1":1,"2":1,"3":1,"4":1},"b":{"0":[1,0]},"_coverageSchema":"1a1c01bbd47fc00a2c39e90264f33305004495a9","hash":"80768d03c1bbd5463cf2542ad1d69cf8767fc7b6"}
}
